[debug] [2021-06-09T01:19:58.021Z] ----------------------------------------------------------------------
[debug] [2021-06-09T01:19:58.023Z] Command:       C:\Program Files\nodejs\node.exe C:\Users\ann\AppData\Roaming\npm\node_modules\firebase-tools\lib\bin\firebase.js emulators:start
[debug] [2021-06-09T01:19:58.023Z] CLI Version:   9.12.1
[debug] [2021-06-09T01:19:58.023Z] Platform:      win32
[debug] [2021-06-09T01:19:58.023Z] Node Version:  v12.18.3
[debug] [2021-06-09T01:19:58.024Z] Time:          Tue Jun 08 2021 21:19:58 GMT-0400 (GMT-04:00)
[debug] [2021-06-09T01:19:58.025Z] ----------------------------------------------------------------------
[debug] 
[debug] [2021-06-09T01:19:58.035Z] > command requires scopes: ["email","openid","https://www.googleapis.com/auth/cloudplatformprojects.readonly","https://www.googleapis.com/auth/firebase","https://www.googleapis.com/auth/cloud-platform"]
[debug] [2021-06-09T01:19:58.036Z] > authorizing via signed-in user (chiaan0426@gmail.com)
[info] i  emulators: Starting emulators: functions, hosting {"metadata":{"emulator":{"name":"hub"},"message":"Starting emulators: functions, hosting"}}
[debug] [2021-06-09T01:20:00.128Z] [hub] writing locator at C:\Users\ann\AppData\Local\Temp\hub-fir-8bfcb.json
[warn] !  functions: The following emulators are not running, calls to these services from the Functions emulator will affect production: auth, firestore, database, pubsub, storage {"metadata":{"emulator":{"name":"functions"},"message":"The following emulators are not running, calls to these services from the Functions emulator will affect production: \u001b[1mauth, firestore, database, pubsub, storage\u001b[22m"}}
[warn] !  Your requested "node" version "14" doesn't match your global version "12" {"metadata":{"emulator":{"name":"functions"},"message":"Your requested \"node\" version \"14\" doesn't match your global version \"12\""}}
[debug] [2021-06-09T01:20:02.237Z] defaultcredentials: writing to file C:\Users\ann\AppData\Roaming\firebase\chiaan0426_gmail_com_application_default_credentials.json
[debug] [2021-06-09T01:20:02.240Z] Setting GAC to C:\Users\ann\AppData\Roaming\firebase\chiaan0426_gmail_com_application_default_credentials.json {"metadata":{"emulator":{"name":"functions"},"message":"Setting GAC to C:\\Users\\ann\\AppData\\Roaming\\firebase\\chiaan0426_gmail_com_application_default_credentials.json"}}
[debug] [2021-06-09T01:20:02.243Z] > refreshing access token with scopes: []
[debug] [2021-06-09T01:20:02.243Z] >>> HTTP REQUEST POST https://www.googleapis.com/oauth2/v3/token  
 <request body omitted>
[debug] [2021-06-09T01:20:02.375Z] <<< HTTP RESPONSE 200 {"expires":"Mon, 01 Jan 1990 00:00:00 GMT","date":"Wed, 09 Jun 2021 01:20:02 GMT","pragma":"no-cache","cache-control":"no-cache, no-store, max-age=0, must-revalidate","content-type":"application/json; charset=utf-8","vary":"X-Origin, Referer, Origin,Accept-Encoding","server":"scaffolding on HTTPServer2","x-xss-protection":"0","x-frame-options":"SAMEORIGIN","x-content-type-options":"nosniff","alt-svc":"h3-29=\":443\"; ma=2592000,h3-T051=\":443\"; ma=2592000,h3-Q050=\":443\"; ma=2592000,h3-Q046=\":443\"; ma=2592000,h3-Q043=\":443\"; ma=2592000,quic=\":443\"; ma=2592000; v=\"46,43\"","accept-ranges":"none","transfer-encoding":"chunked"}
[debug] [2021-06-09T01:20:02.397Z] >>> [apiv2][query] GET https://firebase.googleapis.com/v1beta1/projects/fir-8bfcb/adminSdkConfig [none]
[debug] [2021-06-09T01:20:02.709Z] <<< [apiv2][status] GET https://firebase.googleapis.com/v1beta1/projects/fir-8bfcb/adminSdkConfig 200
[debug] [2021-06-09T01:20:02.709Z] <<< [apiv2][body] GET https://firebase.googleapis.com/v1beta1/projects/fir-8bfcb/adminSdkConfig {"projectId":"fir-8bfcb","storageBucket":"fir-8bfcb.appspot.com","locationId":"us-central"}
[debug] [2021-06-09T01:20:04.781Z] >>> [apiv2][query] GET https://firebasehosting.googleapis.com/v1beta1/projects/fir-8bfcb/sites 
[debug] [2021-06-09T01:20:05.092Z] <<< [apiv2][status] GET https://firebasehosting.googleapis.com/v1beta1/projects/fir-8bfcb/sites 200
[debug] [2021-06-09T01:20:05.092Z] <<< [apiv2][body] GET https://firebasehosting.googleapis.com/v1beta1/projects/fir-8bfcb/sites {"sites":[{"name":"projects/704165111061/sites/fir-8bfcb","defaultUrl":"https://fir-8bfcb.web.app","appId":"1:704165111061:web:ebedc45bf4afda76ee351c","type":"DEFAULT_SITE"}]}
[debug] [2021-06-09T01:20:05.093Z] >>> [apiv2][query] GET https://firebase.googleapis.com/v1beta1/projects/fir-8bfcb/webApps/1:704165111061:web:ebedc45bf4afda76ee351c/config [none]
[debug] [2021-06-09T01:20:05.630Z] <<< [apiv2][status] GET https://firebase.googleapis.com/v1beta1/projects/fir-8bfcb/webApps/1:704165111061:web:ebedc45bf4afda76ee351c/config 200
[debug] [2021-06-09T01:20:05.630Z] <<< [apiv2][body] GET https://firebase.googleapis.com/v1beta1/projects/fir-8bfcb/webApps/1:704165111061:web:ebedc45bf4afda76ee351c/config {"projectId":"fir-8bfcb","appId":"1:704165111061:web:ebedc45bf4afda76ee351c","storageBucket":"fir-8bfcb.appspot.com","locationId":"us-central","apiKey":"AIzaSyBjfgYBZs8_F5Z3QT-jVwEqBY7SGQ-TEXI","authDomain":"fir-8bfcb.firebaseapp.com","messagingSenderId":"704165111061","measurementId":"G-MHP2FG8Z0F"}
[info] i  hosting: Serving hosting files from: build {"metadata":{"emulator":{"name":"hosting"},"message":"Serving hosting files from: \u001b[1mbuild\u001b[22m"}}
[info] +  hosting: Local server: http://localhost:5000 {"metadata":{"emulator":{"name":"hosting"},"message":"Local server: \u001b[4m\u001b[1mhttp://localhost:5000\u001b[22m\u001b[24m"}}
[warn] !  ui: Emulator UI unable to start on port 4000, starting on 4001 instead. {"metadata":{"emulator":{"name":"ui"},"message":"Emulator UI unable to start on port 4000, starting on 4001 instead."}}
[debug] [2021-06-09T01:20:07.719Z] Ignoring unsupported arg: auto_download {"metadata":{"emulator":{"name":"ui"},"message":"Ignoring unsupported arg: auto_download"}}
[debug] [2021-06-09T01:20:07.720Z] Ignoring unsupported arg: port {"metadata":{"emulator":{"name":"ui"},"message":"Ignoring unsupported arg: port"}}
[debug] [2021-06-09T01:20:07.720Z] Starting Emulator UI with command {"binary":"node","args":["C:\\Users\\ann\\.cache\\firebase\\emulators\\ui-v1.5.0\\server.bundle.js"],"optionalArgs":[],"joinArgs":false} {"metadata":{"emulator":{"name":"ui"},"message":"Starting Emulator UI with command {\"binary\":\"node\",\"args\":[\"C:\\\\Users\\\\ann\\\\.cache\\\\firebase\\\\emulators\\\\ui-v1.5.0\\\\server.bundle.js\"],\"optionalArgs\":[],\"joinArgs\":false}"}}
[info] i  ui: Emulator UI logging to ui-debug.log {"metadata":{"emulator":{"name":"ui"},"message":"Emulator UI logging to \u001b[1mui-debug.log\u001b[22m"}}
[debug] [2021-06-09T01:20:07.863Z] Web / API server started at http://localhost:4001
 {"metadata":{"emulator":{"name":"ui"},"message":"Web / API server started at http://localhost:4001\n"}}
[info] i  functions: Watching "C:\Users\ann\Desktop\Amazon\amazon\functions" for Cloud Functions... {"metadata":{"emulator":{"name":"functions"},"message":"Watching \"C:\\Users\\ann\\Desktop\\Amazon\\amazon\\functions\" for Cloud Functions..."}}
[debug] [2021-06-09T01:20:08.271Z] [worker-pool] addWorker(~diagnostic~) {"metadata":{"emulator":{"name":"functions"},"message":"[worker-pool] addWorker(~diagnostic~)"}}
[debug] [2021-06-09T01:20:08.272Z] [worker-pool] Adding worker with key ~diagnostic~, total=1 {"metadata":{"emulator":{"name":"functions"},"message":"[worker-pool] Adding worker with key ~diagnostic~, total=1"}}
[debug] [2021-06-09T01:20:08.272Z] [worker-pool] submitWork(triggerId=) {"metadata":{"emulator":{"name":"functions"},"message":"[worker-pool] submitWork(triggerId=)"}}
[debug] [2021-06-09T01:20:08.272Z] [worker-~diagnostic~-3c0b8484-aa48-45fc-8a2a-7bd53aa10918]: Assigning socketPath: \\?\pipe\C:\Users\ann\Desktop\Amazon\amazon\functions\12820 {"metadata":{"emulator":{"name":"functions"},"message":"[worker-~diagnostic~-3c0b8484-aa48-45fc-8a2a-7bd53aa10918]: Assigning socketPath: \\\\?\\pipe\\C:\\Users\\ann\\Desktop\\Amazon\\amazon\\functions\\12820"}}
[debug] [2021-06-09T01:20:08.273Z] [worker-~diagnostic~-3c0b8484-aa48-45fc-8a2a-7bd53aa10918]: BUSY {"metadata":{"emulator":{"name":"functions"},"message":"[worker-~diagnostic~-3c0b8484-aa48-45fc-8a2a-7bd53aa10918]: BUSY"}}
[debug] [2021-06-09T01:20:08.548Z] [runtime-status] [12820] Functions runtime initialized. {"cwd":"C:\\Users\\ann\\Desktop\\Amazon\\amazon\\functions","node_version":"12.18.3"} {"metadata":{"emulator":{"name":"functions"},"message":"[runtime-status] [12820] Functions runtime initialized. {\"cwd\":\"C:\\\\Users\\\\ann\\\\Desktop\\\\Amazon\\\\amazon\\\\functions\",\"node_version\":\"12.18.3\"}"}}
[debug] [2021-06-09T01:20:08.549Z] [runtime-status] [12820] Disabled runtime features: undefined {"metadata":{"emulator":{"name":"functions"},"message":"[runtime-status] [12820] Disabled runtime features: undefined"}}
[debug] [2021-06-09T01:20:08.556Z] [runtime-status] [12820] Resolved module firebase-admin {"declared":true,"installed":true,"version":"9.9.0","resolution":"C:\\Users\\ann\\Desktop\\Amazon\\amazon\\functions\\node_modules\\firebase-admin\\lib\\index.js"} {"metadata":{"emulator":{"name":"functions"},"message":"[runtime-status] [12820] Resolved module firebase-admin {\"declared\":true,\"installed\":true,\"version\":\"9.9.0\",\"resolution\":\"C:\\\\Users\\\\ann\\\\Desktop\\\\Amazon\\\\amazon\\\\functions\\\\node_modules\\\\firebase-admin\\\\lib\\\\index.js\"}"}}
[debug] [2021-06-09T01:20:08.559Z] [runtime-status] [12820] Resolved module firebase-functions {"declared":true,"installed":true,"version":"3.14.1","resolution":"C:\\Users\\ann\\Desktop\\Amazon\\amazon\\functions\\node_modules\\firebase-functions\\lib\\index.js"} {"metadata":{"emulator":{"name":"functions"},"message":"[runtime-status] [12820] Resolved module firebase-functions {\"declared\":true,\"installed\":true,\"version\":\"3.14.1\",\"resolution\":\"C:\\\\Users\\\\ann\\\\Desktop\\\\Amazon\\\\amazon\\\\functions\\\\node_modules\\\\firebase-functions\\\\lib\\\\index.js\"}"}}
[debug] [2021-06-09T01:20:08.560Z] [runtime-status] [12820] Resolved module firebase-functions {"declared":true,"installed":true,"version":"3.14.1","resolution":"C:\\Users\\ann\\Desktop\\Amazon\\amazon\\functions\\node_modules\\firebase-functions\\lib\\index.js"} {"metadata":{"emulator":{"name":"functions"},"message":"[runtime-status] [12820] Resolved module firebase-functions {\"declared\":true,\"installed\":true,\"version\":\"3.14.1\",\"resolution\":\"C:\\\\Users\\\\ann\\\\Desktop\\\\Amazon\\\\amazon\\\\functions\\\\node_modules\\\\firebase-functions\\\\lib\\\\index.js\"}"}}
[debug] [2021-06-09T01:20:08.562Z] [runtime-status] [12820] Outgoing network have been stubbed. [{"name":"http","status":"mocked"},{"name":"http","status":"mocked"},{"name":"https","status":"mocked"},{"name":"https","status":"mocked"},{"name":"net","status":"mocked"}] {"metadata":{"emulator":{"name":"functions"},"message":"[runtime-status] [12820] Outgoing network have been stubbed. [{\"name\":\"http\",\"status\":\"mocked\"},{\"name\":\"http\",\"status\":\"mocked\"},{\"name\":\"https\",\"status\":\"mocked\"},{\"name\":\"https\",\"status\":\"mocked\"},{\"name\":\"net\",\"status\":\"mocked\"}]"}}
[debug] [2021-06-09T01:20:08.563Z] [runtime-status] [12820] Resolved module firebase-functions {"declared":true,"installed":true,"version":"3.14.1","resolution":"C:\\Users\\ann\\Desktop\\Amazon\\amazon\\functions\\node_modules\\firebase-functions\\lib\\index.js"} {"metadata":{"emulator":{"name":"functions"},"message":"[runtime-status] [12820] Resolved module firebase-functions {\"declared\":true,\"installed\":true,\"version\":\"3.14.1\",\"resolution\":\"C:\\\\Users\\\\ann\\\\Desktop\\\\Amazon\\\\amazon\\\\functions\\\\node_modules\\\\firebase-functions\\\\lib\\\\index.js\"}"}}
[debug] [2021-06-09T01:20:08.700Z] [runtime-status] [12820] Checked functions.config() {"config":{}} {"metadata":{"emulator":{"name":"functions"},"message":"[runtime-status] [12820] Checked functions.config() {\"config\":{}}"}}
[debug] [2021-06-09T01:20:08.700Z] [runtime-status] [12820] firebase-functions has been stubbed. {"functionsResolution":{"declared":true,"installed":true,"version":"3.14.1","resolution":"C:\\Users\\ann\\Desktop\\Amazon\\amazon\\functions\\node_modules\\firebase-functions\\lib\\index.js"}} {"metadata":{"emulator":{"name":"functions"},"message":"[runtime-status] [12820] firebase-functions has been stubbed. {\"functionsResolution\":{\"declared\":true,\"installed\":true,\"version\":\"3.14.1\",\"resolution\":\"C:\\\\Users\\\\ann\\\\Desktop\\\\Amazon\\\\amazon\\\\functions\\\\node_modules\\\\firebase-functions\\\\lib\\\\index.js\"}}"}}
[debug] [2021-06-09T01:20:08.701Z] [runtime-status] [12820] Resolved module firebase-functions {"declared":true,"installed":true,"version":"3.14.1","resolution":"C:\\Users\\ann\\Desktop\\Amazon\\amazon\\functions\\node_modules\\firebase-functions\\lib\\index.js"} {"metadata":{"emulator":{"name":"functions"},"message":"[runtime-status] [12820] Resolved module firebase-functions {\"declared\":true,\"installed\":true,\"version\":\"3.14.1\",\"resolution\":\"C:\\\\Users\\\\ann\\\\Desktop\\\\Amazon\\\\amazon\\\\functions\\\\node_modules\\\\firebase-functions\\\\lib\\\\index.js\"}"}}
[debug] [2021-06-09T01:20:08.705Z] [runtime-status] [12820] Resolved module firebase-admin {"declared":true,"installed":true,"version":"9.9.0","resolution":"C:\\Users\\ann\\Desktop\\Amazon\\amazon\\functions\\node_modules\\firebase-admin\\lib\\index.js"} {"metadata":{"emulator":{"name":"functions"},"message":"[runtime-status] [12820] Resolved module firebase-admin {\"declared\":true,\"installed\":true,\"version\":\"9.9.0\",\"resolution\":\"C:\\\\Users\\\\ann\\\\Desktop\\\\Amazon\\\\amazon\\\\functions\\\\node_modules\\\\firebase-admin\\\\lib\\\\index.js\"}"}}
[debug] [2021-06-09T01:20:08.706Z] [runtime-status] [12820] Resolved module firebase-functions {"declared":true,"installed":true,"version":"3.14.1","resolution":"C:\\Users\\ann\\Desktop\\Amazon\\amazon\\functions\\node_modules\\firebase-functions\\lib\\index.js"} {"metadata":{"emulator":{"name":"functions"},"message":"[runtime-status] [12820] Resolved module firebase-functions {\"declared\":true,\"installed\":true,\"version\":\"3.14.1\",\"resolution\":\"C:\\\\Users\\\\ann\\\\Desktop\\\\Amazon\\\\amazon\\\\functions\\\\node_modules\\\\firebase-functions\\\\lib\\\\index.js\"}"}}
[debug] [2021-06-09T01:20:08.706Z] [runtime-status] [12820] firebase-admin has been stubbed. {"adminResolution":{"declared":true,"installed":true,"version":"9.9.0","resolution":"C:\\Users\\ann\\Desktop\\Amazon\\amazon\\functions\\node_modules\\firebase-admin\\lib\\index.js"}} {"metadata":{"emulator":{"name":"functions"},"message":"[runtime-status] [12820] firebase-admin has been stubbed. {\"adminResolution\":{\"declared\":true,\"installed\":true,\"version\":\"9.9.0\",\"resolution\":\"C:\\\\Users\\\\ann\\\\Desktop\\\\Amazon\\\\amazon\\\\functions\\\\node_modules\\\\firebase-admin\\\\lib\\\\index.js\"}}"}}
[info] +  functions[us-central1-api]: http function initialized (http://localhost:5001/fir-8bfcb/us-central1/api). {"metadata":{"emulator":{"name":"functions"},"message":"\u001b[1mhttp\u001b[22m function initialized (http://localhost:5001/fir-8bfcb/us-central1/api)."}}
[info] 
┌─────────────────────────────────────────────────────────────┐
│ ✔  All emulators ready! It is now safe to connect your app. │
│ i  View Emulator UI at http://localhost:4001                │
└─────────────────────────────────────────────────────────────┘

┌───────────┬────────────────┬─────────────────────────────────┐
│ Emulator  │ Host:Port      │ View in Emulator UI             │
├───────────┼────────────────┼─────────────────────────────────┤
│ Functions │ localhost:5001 │ http://localhost:4001/functions │
├───────────┼────────────────┼─────────────────────────────────┤
│ Hosting   │ localhost:5000 │ n/a                             │
└───────────┴────────────────┴─────────────────────────────────┘
  Emulator Hub running at localhost:4400
  Other reserved ports: 4500

Issues? Report them at https://github.com/firebase/firebase-tools/issues and attach the *-debug.log files.
 
[debug] [2021-06-09T01:20:09.016Z] [worker-~diagnostic~-3c0b8484-aa48-45fc-8a2a-7bd53aa10918]: IDLE {"metadata":{"emulator":{"name":"functions"},"message":"[worker-~diagnostic~-3c0b8484-aa48-45fc-8a2a-7bd53aa10918]: IDLE"}}
